2024-09-19T19:14:21.647463+0700 INFO Memulai proses pemilihan game.
2024-09-19T19:14:28.095589+0700 INFO Game Helicopter telah dipilih oleh pengguna.
2024-09-19T19:14:28.095803+0700 INFO Memulai game Helicopter.
2024-09-19T19:14:40.240668+0700 INFO Memulai proses pemilihan game.
2024-09-19T19:14:44.497474+0700 INFO Game Coin Fisher telah dipilih oleh pengguna.
2024-09-19T19:14:44.497474+0700 INFO Memulai game Coin Fisher.
2024-09-19T19:15:48.294553+0700 INFO Game Coin Fisher selesai dijalankan. Menunggu 5 detik sebelum game berikutnya.
2024-09-19T19:15:53.295223+0700 INFO Game Coin Fisher dipilih secara acak untuk dimainkan.
2024-09-19T19:16:08.289625+0700 INFO Memulai proses pemilihan game.
2024-09-19T19:16:14.022432+0700 INFO Game 2048 telah dipilih oleh pengguna.
2024-09-19T19:16:14.022432+0700 INFO Memulai game 2048.
2024-09-19T19:17:39.729306+0700 INFO Game 2048 selesai dijalankan. Menunggu 5 detik sebelum game berikutnya.
2024-09-19T19:17:44.729702+0700 INFO Game Coinc dipilih secara acak untuk dimainkan.
2024-09-19T19:18:59.860202+0700 INFO Game Coinc selesai dijalankan. Menunggu 5 detik sebelum game berikutnya.
2024-09-19T19:19:04.860809+0700 INFO Game Coinc dipilih secara acak untuk dimainkan.
2024-09-19T19:19:37.709596+0700 INFO Memulai proses pemilihan game.
2024-09-19T19:46:10.442888+0700 INFO Memulai proses pemilihan game.
2024-09-19T19:46:16.597991+0700 INFO Game Helicopter telah dipilih oleh pengguna.
2024-09-19T19:46:16.597991+0700 INFO Memulai game Helicopter.
2024-09-19T19:49:49.611328+0700 INFO Memulai proses pemilihan game.
2024-09-19T19:49:51.735291+0700 INFO Game Coinc telah dipilih oleh pengguna.
2024-09-19T19:49:51.735291+0700 INFO Memulai game Coinc.
2024-09-19T19:50:59.559505+0700 INFO Game Coinc selesai dijalankan. Menunggu 5 detik sebelum game berikutnya.
2024-09-19T19:51:04.560269+0700 INFO Game 2048 dipilih secara acak untuk dimainkan.
2024-09-19T19:53:07.145926+0700 INFO Memulai proses pemilihan game.
2024-09-19T19:53:09.802797+0700 INFO Game Helicopter telah dipilih oleh pengguna.
2024-09-19T19:53:09.803301+0700 INFO Memulai game Helicopter.
2024-09-19T19:56:10.889276+0700 INFO Memulai proses pemilihan game.
2024-09-19T19:56:13.764658+0700 INFO Game 2048 telah dipilih oleh pengguna.
2024-09-19T19:56:13.764658+0700 INFO Memulai game 2048.
2024-09-19T19:57:33.499091+0700 INFO Game 2048 selesai dijalankan. Menunggu 5 detik sebelum game berikutnya.
2024-09-19T19:57:38.501905+0700 INFO Game Coinc dipilih secara acak untuk dimainkan.
2024-09-19T19:59:29.832694+0700 INFO Memulai proses pemilihan game.
2024-09-19T19:59:36.109202+0700 INFO Game Cryptonoid telah dipilih oleh pengguna.
2024-09-19T19:59:36.109202+0700 INFO Memulai game Cryptonoid.
2024-09-21T15:10:09.027429+0700 INFO Memulai proses pemilihan game.
2024-09-21T15:10:11.813942+0700 INFO Game Coinc telah dipilih oleh pengguna.
2024-09-21T15:10:11.813942+0700 INFO Memulai game Coinc.
2024-09-21T15:11:17.462187+0700 INFO Game Coinc selesai dijalankan. Menunggu 5 detik sebelum game berikutnya.
2024-09-21T15:11:22.462899+0700 INFO Game Coin Fisher dipilih secara acak untuk dimainkan.
2024-09-21T15:12:38.043417+0700 INFO Game Coin Fisher selesai dijalankan. Menunggu 5 detik sebelum game berikutnya.
2024-09-21T15:12:43.043980+0700 INFO Game 2048 dipilih secara acak untuk dimainkan.
2024-09-21T15:13:50.708360+0700 INFO Game 2048 selesai dijalankan. Menunggu 5 detik sebelum game berikutnya.
2024-09-21T15:13:55.709153+0700 INFO Game 2048 dipilih secara acak untuk dimainkan.
2024-09-21T15:14:42.687016+0700 INFO Memulai proses pemilihan game.
2024-09-22T04:51:09.518379+0700 INFO Memulai proses pemilihan game.
2024-09-22T04:51:16.410386+0700 INFO Game Helicopter telah dipilih oleh pengguna.
2024-09-22T04:51:16.410386+0700 INFO Memulai game Helicopter.
2024-09-22T04:52:35.847365+0700 INFO Memulai proses pemilihan game.
2024-09-22T04:52:42.467401+0700 INFO Game Coinc telah dipilih oleh pengguna.
2024-09-22T04:52:42.467401+0700 INFO Memulai game Coinc.
2024-09-22T04:53:48.805755+0700 INFO Game Coinc selesai dijalankan. Menunggu 5 detik sebelum game berikutnya.
2024-09-22T04:53:53.806468+0700 INFO Game Helicopter dipilih secara acak untuk dimainkan.
2024-09-22T04:55:29.330335+0700 INFO Memulai proses pemilihan game.
2024-09-22T04:55:35.258428+0700 INFO Game Coinc telah dipilih oleh pengguna.
2024-09-22T04:55:35.258428+0700 INFO Memulai game Coinc.
